<?xml version="1.0" encoding="UTF-8"?>
<!-- Generated by org.testng.reporters.JUnitReportReporter -->
<testsuite hostname="Tanmay" failures="0" tests="1" name="com.Module2TestNG.TestNGPara3" time="0.008" errors="0" timestamp="2023-11-04T09:36:50 IST" skipped="0">
  <testcase classname="com.Module2TestNG.TestNGPara3" name="Para3" time="0.008"/>
</testsuite> <!-- com.Module2TestNG.TestNGPara3 -->
