<?xml version="1.0" encoding="UTF-8"?>
<!-- Generated by org.testng.reporters.JUnitReportReporter -->
<testsuite hostname="Tanmay" failures="0" tests="1" name="Assertion.AssertEquals" time="6.709" errors="0" timestamp="2023-11-24T08:58:55 IST" skipped="0">
  <testcase classname="Assertion.AssertEquals" name="googleTitleVerify" time="6.709"/>
</testsuite> <!-- Assertion.AssertEquals -->
