<?xml version="1.0" encoding="UTF-8"?>
<!-- Generated by org.testng.reporters.JUnitReportReporter -->
<testsuite hostname="Tanmay" failures="0" tests="3" name="Module4TestNG.Invocationcount" time="23.332" errors="0" timestamp="2023-11-05T08:50:52 IST" skipped="0">
  <testcase classname="Module4TestNG.Invocationcount" name="loginOpen" time="7.862"/>
  <testcase classname="Module4TestNG.Invocationcount" name="loginOpen" time="6.769"/>
  <testcase classname="Module4TestNG.Invocationcount" name="loginOpen" time="8.701"/>
</testsuite> <!-- Module4TestNG.Invocationcount -->
