<?xml version="1.0" encoding="UTF-8"?>
<!-- Generated by org.testng.reporters.JUnitReportReporter -->
<testsuite hostname="Tanmay" failures="0" tests="1" name="NewDemoTestNG02.Class1" time="0.003" errors="0" timestamp="2023-11-04T09:10:41 IST" skipped="0">
  <testcase classname="NewDemoTestNG02.Class1" name="runClass1" time="0.003"/>
</testsuite> <!-- NewDemoTestNG02.Class1 -->
