<?xml version="1.0" encoding="UTF-8"?>
<!-- Generated by org.testng.reporters.JUnitReportReporter -->
<testsuite hostname="Tanmay" failures="0" tests="1" name="NewDemoTestNG.Demo1" time="10.780" errors="0" timestamp="2023-11-03T17:10:41 IST" skipped="0">
  <testcase classname="NewDemoTestNG.Demo1" name="sampleAutomation" time="10.780"/>
</testsuite> <!-- NewDemoTestNG.Demo1 -->
