<?xml version="1.0" encoding="UTF-8"?>
<!-- Generated by org.testng.reporters.JUnitReportReporter -->
<testsuite hostname="Tanmay" failures="0" tests="3" name="NewDemoTestNG.Group2" time="0.009" errors="0" timestamp="2023-11-03T17:10:41 IST" skipped="0">
  <testcase classname="NewDemoTestNG.Group2" name="restAssured" time="0.002"/>
  <testcase classname="NewDemoTestNG.Group2" name="c" time="0.004"/>
  <testcase classname="NewDemoTestNG.Group2" name="ApiAutomation" time="0.003"/>
</testsuite> <!-- NewDemoTestNG.Group2 -->
