<?xml version="1.0" encoding="UTF-8"?>
<!-- Generated by org.testng.reporters.JUnitReportReporter -->
<testsuite hostname="Tanmay" failures="0" tests="1" name="Assertion.SoftAssertion" time="7.394" errors="0" timestamp="2023-11-24T09:19:15 IST" skipped="0">
  <testcase classname="Assertion.SoftAssertion" name="verifySoftAssertion" time="7.394"/>
</testsuite> <!-- Assertion.SoftAssertion -->
