<?xml version="1.0" encoding="UTF-8"?>
<!-- Generated by org.testng.reporters.JUnitReportReporter -->
<testsuite hostname="Tanmay" failures="0" tests="1" name="Assertion.AssertNull" time="7.286" errors="0" timestamp="2023-11-24T09:11:04 IST" skipped="0">
  <testcase classname="Assertion.AssertNull" name="verifynull" time="7.286"/>
</testsuite> <!-- Assertion.AssertNull -->
