<?xml version="1.0" encoding="UTF-8"?>
<!-- Generated by org.testng.reporters.JUnitReportReporter -->
<testsuite hostname="Tanmay" failures="0" tests="1" name="Assertion.AssertTrue" time="6.727" errors="0" timestamp="2023-11-24T09:04:21 IST" skipped="0">
  <testcase classname="Assertion.AssertTrue" name="googlrTitleVerify" time="6.727"/>
</testsuite> <!-- Assertion.AssertTrue -->
