<?xml version="1.0" encoding="UTF-8"?>
<!-- Generated by org.testng.reporters.JUnitReportReporter -->
<testsuite hostname="Tanmay" failures="0" tests="3" name="Module_5TestNG.ExtentsReport" time="0.028" errors="0" timestamp="2023-11-14T14:57:13 IST" skipped="0">
  <testcase classname="Module_5TestNG.ExtentsReport" name="Test3" time="0.002"/>
  <testcase classname="Module_5TestNG.ExtentsReport" name="Testl" time="0.004"/>
  <testcase classname="Module_5TestNG.ExtentsReport" name="Test2" time="0.022"/>
</testsuite> <!-- Module_5TestNG.ExtentsReport -->
