<?xml version="1.0" encoding="UTF-8"?>
<!-- Generated by org.testng.reporters.JUnitReportReporter -->
<testsuite hostname="Tanmay" failures="0" tests="2" name="NewDemoTestNG.Group1" time="0.020" errors="0" timestamp="2023-11-04T06:25:41 IST" skipped="0">
  <testcase classname="NewDemoTestNG.Group1" name="python" time="0.003"/>
  <testcase classname="NewDemoTestNG.Group1" name="java" time="0.017"/>
</testsuite> <!-- NewDemoTestNG.Group1 -->
