<?xml version="1.0" encoding="UTF-8"?>
<!-- Generated by org.testng.reporters.JUnitReportReporter -->
<testsuite hostname="Tanmay" failures="0" tests="1" name="com.Module2TestNG.TestNGParameter" time="0.015" errors="0" timestamp="2023-11-04T09:10:41 IST" skipped="0">
  <testcase classname="com.Module2TestNG.TestNGParameter" name="java" time="0.015"/>
</testsuite> <!-- com.Module2TestNG.TestNGParameter -->
