<?xml version="1.0" encoding="UTF-8"?>
<!-- Generated by org.testng.reporters.JUnitReportReporter -->
<testsuite hostname="Tanmay" failures="0" tests="10" name="NewDemoTestNG.Attrbutes" time="0.036" errors="0" timestamp="2023-11-07T13:12:16 IST" skipped="1">
  <testcase classname="NewDemoTestNG.Attrbutes" name="java" time="0.011"/>
  <testcase classname="NewDemoTestNG.Attrbutes" name="into1" time="0.001"/>
  <testcase classname="NewDemoTestNG.Attrbutes" name="Automation" time="0.001"/>
  <testcase classname="NewDemoTestNG.Attrbutes" name="Description" time="0.005"/>
  <testcase classname="NewDemoTestNG.Attrbutes" name="into" time="0.001"/>
  <testcase classname="NewDemoTestNG.Attrbutes" name="Test2" time="0.001"/>
  <testcase classname="NewDemoTestNG.Attrbutes" name="Test3" time="0.002"/>
  <testcase classname="NewDemoTestNG.Attrbutes" name="in" time="0.005"/>
  <testcase classname="NewDemoTestNG.Attrbutes" name="python" time="0.009"/>
  <testcase classname="NewDemoTestNG.Attrbutes" name="Test1">
    <skipped/>
  </testcase> <!-- Test1 -->
</testsuite> <!-- NewDemoTestNG.Attrbutes -->
