<?xml version="1.0" encoding="UTF-8"?>
<!-- Generated by org.testng.reporters.JUnitReportReporter -->
<testsuite hostname="Tanmay" failures="0" tests="2" name="com.Module2TestNG.DdataProvider" time="0.008" errors="0" timestamp="2023-11-04T17:08:32 IST" skipped="0">
  <testcase classname="com.Module2TestNG.DdataProvider" name="m1" time="0.002"/>
  <testcase classname="com.Module2TestNG.DdataProvider" name="m1" time="0.006"/>
</testsuite> <!-- com.Module2TestNG.DdataProvider -->
