<?xml version="1.0" encoding="UTF-8"?>
<!-- Generated by org.testng.reporters.JUnitReportReporter -->
<testsuite hostname="Tanmay" failures="0" tests="2" name="com.Module3TestNG.PparallelTesting" time="12.799" errors="0" timestamp="2023-11-04T18:07:48 IST" skipped="0">
  <testcase classname="com.Module3TestNG.PparallelTesting" name="googleOpen" time="6.559"/>
  <testcase classname="com.Module3TestNG.PparallelTesting" name="amazonOpen" time="6.240"/>
</testsuite> <!-- com.Module3TestNG.PparallelTesting -->
