<?xml version="1.0" encoding="UTF-8"?>
<!-- Generated by org.testng.reporters.JUnitReportReporter -->
<testsuite hostname="Tanmay" failures="0" tests="2" name="com.Module3TestNG.PprallelTesting2" time="17.165" errors="0" timestamp="2023-11-04T18:07:48 IST" skipped="0">
  <testcase classname="com.Module3TestNG.PprallelTesting2" name="loginOpen" time="12.938"/>
  <testcase classname="com.Module3TestNG.PprallelTesting2" name="sauceOpen" time="4.227"/>
</testsuite> <!-- com.Module3TestNG.PprallelTesting2 -->
