<?xml version="1.0" encoding="UTF-8"?>
<!-- Generated by org.testng.reporters.JUnitReportReporter -->
<testsuite hostname="Tanmay" failures="0" tests="1" name="Assertion.AssertClass" time="9.972" errors="0" timestamp="2023-11-24T08:51:14 IST" skipped="0">
  <testcase classname="Assertion.AssertClass" name="googleTitleVerify" time="9.972"/>
</testsuite> <!-- Assertion.AssertClass -->
