<?xml version="1.0" encoding="UTF-8"?>
<!-- Generated by org.testng.reporters.JUnitReportReporter -->
<testsuite hostname="Tanmay" failures="0" tests="5" name="NewDemoTestNG.Attribute2" time="0.021" errors="0" timestamp="2023-11-07T13:34:39 IST" skipped="0">
  <testcase classname="NewDemoTestNG.Attribute2" name="Python" time="0.013"/>
  <testcase classname="NewDemoTestNG.Attribute2" name="automation" time="0.002"/>
  <testcase classname="NewDemoTestNG.Attribute2" name="selenium" time="0.002"/>
  <testcase classname="NewDemoTestNG.Attribute2" name="ruby" time="0.002"/>
  <testcase classname="NewDemoTestNG.Attribute2" name="Java" time="0.002"/>
</testsuite> <!-- NewDemoTestNG.Attribute2 -->
