<?xml version="1.0" encoding="UTF-8"?>
<!-- Generated by org.testng.reporters.JUnitReportReporter -->
<testsuite hostname="Tanmay" failures="0" tests="1" name="com.Module2TestNG.TestNGPara2" time="0.003" errors="0" timestamp="2023-11-04T09:10:41 IST" skipped="0">
  <testcase classname="com.Module2TestNG.TestNGPara2" name="java" time="0.003"/>
</testsuite> <!-- com.Module2TestNG.TestNGPara2 -->
